app/build/outputs/logs/manifest-merger-debug-report.txt
-- Merging decision tree log ---
provider#de.uni_osnabrueck.ikw.eegdroid.utilities.GenericFileProvider
INJECTED from src/main/AndroidManifest.xml:72:9-80:20
	android:grantUriPermissions
		ADDED from src/main/AndroidManifest.xml:76:13-47
	android:authorities
		INJECTED from src/main/AndroidManifest.xml
		ADDED from src/main/AndroidManifest.xml:74:13-64
	android:exported
		ADDED from src/main/AndroidManifest.xml:75:13-37
	android:name
		ADDED from src/main/AndroidManifest.xml:73:13-58
manifest
ADDED from src/main/AndroidManifest.xml:2:1-83:12
INJECTED from src/main/AndroidManifest.xml:2:1-83:12
INJECTED from src/main/AndroidManifest.xml:2:1-83:12
INJECTED from src/main/AndroidManifest.xml:2:1-83:12
MERGED from [com.google.android.material:material:1.3.0-alpha01] AndroidManifest.xml:17:1-24:12
MERGED from [:library_epibot] AndroidManifest.xml:2:1-26:12
MERGED from [androidx.preference:preference:1.1.1] AndroidManifest.xml:17:1-24:12
MERGED from [us.feras.mdv:markdownview:1.1.0] AndroidManifest.xml:2:1-17:12
MERGED from [androidx.appcompat:appcompat:1.3.0-alpha01] AndroidManifest.xml:17:1-24:12
MERGED from [androidx.constraintlayout:constraintlayout:1.1.3] AndroidManifest.xml:2:1-11:12
MERGED from [androidx.legacy:legacy-support-v13:1.0.0] AndroidManifest.xml:17:1-22:12
MERGED from [androidx.legacy:legacy-support-v4:1.0.0] AndroidManifest.xml:17:1-22:12
MERGED from [androidx.appcompat:appcompat-resources:1.3.0-alpha01] AndroidManifest.xml:17:1-24:12
MERGED from [androidx.vectordrawable:vectordrawable-animated:1.1.0] AndroidManifest.xml:17:1-24:12
MERGED from [androidx.vectordrawable:vectordrawable:1.2.0-alpha01] AndroidManifest.xml:17:1-24:12
MERGED from [androidx.multidex:multidex:2.0.1] AndroidManifest.xml:17:1-22:12
MERGED from [com.github.PhilJay:MPAndroidChart:v3.1.0] AndroidManifest.xml:2:1-20:12
MERGED from [androidx.cardview:cardview:1.0.0] AndroidManifest.xml:17:1-22:12
MERGED from [androidx.viewpager2:viewpager2:1.0.0] AndroidManifest.xml:17:1-24:12
MERGED from [androidx.recyclerview:recyclerview:1.1.0] AndroidManifest.xml:17:1-24:12
MERGED from [ru.noties.markwon:core:3.0.1] AndroidManifest.xml:2:1-11:12
MERGED from [androidx.legacy:legacy-support-core-ui:1.0.0] AndroidManifest.xml:17:1-22:12
MERGED from [androidx.drawerlayout:drawerlayout:1.0.0] AndroidManifest.xml:17:1-22:12
MERGED from [androidx.coordinatorlayout:coordinatorlayout:1.1.0] AndroidManifest.xml:17:1-24:12
MERGED from [androidx.dynamicanimation:dynamicanimation:1.0.0] AndroidManifest.xml:17:1-22:12
MERGED from [androidx.transition:transition:1.2.0] AndroidManifest.xml:17:1-24:12
MERGED from [androidx.media:media:1.0.0] AndroidManifest.xml:17:1-22:12
MERGED from [androidx.legacy:legacy-support-core-utils:1.0.0] AndroidManifest.xml:17:1-22:12
MERGED from [androidx.fragment:fragment:1.2.4] AndroidManifest.xml:17:1-24:12
MERGED from [androidx.viewpager:viewpager:1.0.0] AndroidManifest.xml:17:1-22:12
MERGED from [androidx.slidingpanelayout:slidingpanelayout:1.0.0] AndroidManifest.xml:17:1-22:12
MERGED from [androidx.customview:customview:1.0.0] AndroidManifest.xml:17:1-22:12
MERGED from [androidx.loader:loader:1.0.0] AndroidManifest.xml:17:1-22:12
MERGED from [androidx.swiperefreshlayout:swiperefreshlayout:1.0.0] AndroidManifest.xml:17:1-22:12
MERGED from [androidx.asynclayoutinflater:asynclayoutinflater:1.0.0] AndroidManifest.xml:17:1-22:12
MERGED from [androidx.activity:activity:1.1.0] AndroidManifest.xml:17:1-24:12
MERGED from [androidx.core:core:1.4.0-alpha01] AndroidManifest.xml:17:1-26:12
MERGED from [androidx.cursoradapter:cursoradapter:1.0.0] AndroidManifest.xml:17:1-22:12
MERGED from [androidx.lifecycle:lifecycle-runtime:2.3.0-alpha03] AndroidManifest.xml:17:1-24:12
MERGED from [androidx.lifecycle:lifecycle-viewmodel-savedstate:2.2.0] AndroidManifest.xml:17:1-24:12
MERGED from [androidx.lifecycle:lifecycle-viewmodel:2.3.0-alpha03] AndroidManifest.xml:17:1-24:12
MERGED from [androidx.savedstate:savedstate:1.1.0-alpha01] AndroidManifest.xml:17:1-24:12
MERGED from [androidx.versionedparcelable:versionedparcelable:1.1.0] AndroidManifest.xml:17:1-27:12
MERGED from [androidx.lifecycle:lifecycle-livedata:2.0.0] AndroidManifest.xml:17:1-22:12
MERGED from [androidx.lifecycle:lifecycle-livedata-core:2.2.0] AndroidManifest.xml:17:1-24:12
MERGED from [androidx.arch.core:core-runtime:2.1.0] AndroidManifest.xml:17:1-24:12
MERGED from [androidx.documentfile:documentfile:1.0.0] AndroidManifest.xml:17:1-22:12
MERGED from [androidx.localbroadcastmanager:localbroadcastmanager:1.0.0] AndroidManifest.xml:17:1-22:12
MERGED from [androidx.print:print:1.0.0] AndroidManifest.xml:17:1-22:12
MERGED from [androidx.interpolator:interpolator:1.0.0] AndroidManifest.xml:17:1-22:12
MERGED from [androidx.annotation:annotation-experimental:1.0.0] AndroidManifest.xml:17:1-24:12
INJECTED from src/main/AndroidManifest.xml:2:1-83:12
INJECTED from src/main/AndroidManifest.xml:2:1-83:12
INJECTED from src/main/AndroidManifest.xml:2:1-83:12
	package
		ADDED from src/main/AndroidManifest.xml:4:5-45
		INJECTED from src/main/AndroidManifest.xml
		INJECTED from src/main/AndroidManifest.xml
	android:versionName
		INJECTED from src/main/AndroidManifest.xml
		ADDED from src/main/AndroidManifest.xml:2:1-83:12
		INJECTED from src/main/AndroidManifest.xml
	xmlns:tools
		ADDED from src/main/AndroidManifest.xml:3:5-51
	android:versionCode
		INJECTED from src/main/AndroidManifest.xml
		ADDED from src/main/AndroidManifest.xml:2:1-83:12
		INJECTED from src/main/AndroidManifest.xml
	xmlns:android
		ADDED from src/main/AndroidManifest.xml:2:11-69
uses-feature#android.hardware.bluetooth_le
ADDED from src/main/AndroidManifest.xml:6:5-8:35
	android:required
		ADDED from src/main/AndroidManifest.xml:8:9-32
	android:name
		ADDED from src/main/AndroidManifest.xml:7:9-53
uses-permission#android.permission.BLUETOOTH
ADDED from src/main/AndroidManifest.xml:9:5-67
	android:name
		ADDED from src/main/AndroidManifest.xml:9:22-65
uses-permission#android.permission.BLUETOOTH_ADMIN
ADDED from src/main/AndroidManifest.xml:10:5-73
	android:name
		ADDED from src/main/AndroidManifest.xml:10:22-71
uses-permission#android.permission.ACCESS_BACKGROUND_LOCATION
ADDED from src/main/AndroidManifest.xml:11:5-85
	android:name
		ADDED from src/main/AndroidManifest.xml:11:22-82
uses-permission#android.permission.ACCESS_FINE_LOCATION
ADDED from src/main/AndroidManifest.xml:12:5-79
	android:name
		ADDED from src/main/AndroidManifest.xml:12:22-76
uses-permission#android.permission.ACCESS_COARSE_LOCATION
ADDED from src/main/AndroidManifest.xml:13:5-80
	android:name
		ADDED from src/main/AndroidManifest.xml:13:22-78
uses-permission#android.permission.WRITE_EXTERNAL_STORAGE
ADDED from src/main/AndroidManifest.xml:14:5-81
	android:name
		ADDED from src/main/AndroidManifest.xml:14:22-78
uses-permission#android.permission.INTERNET
ADDED from src/main/AndroidManifest.xml:15:5-67
	android:name
		ADDED from src/main/AndroidManifest.xml:15:22-64
uses-permission#android.permission.RECORD_AUDIO
ADDED from src/main/AndroidManifest.xml:16:5-71
	android:name
		ADDED from src/main/AndroidManifest.xml:16:22-68
uses-permission#android.permission.MANAGE_DOCUMENTS
ADDED from src/main/AndroidManifest.xml:17:5-18:47
	tools:ignore
		ADDED from src/main/AndroidManifest.xml:18:9-44
	android:name
		ADDED from src/main/AndroidManifest.xml:17:22-72
uses-permission#android.permission.CAMERA
ADDED from src/main/AndroidManifest.xml:20:5-65
	android:name
		ADDED from src/main/AndroidManifest.xml:20:22-62
uses-permission#android.permission.READ_EXTERNAL_STORAGE
ADDED from src/main/AndroidManifest.xml:21:5-80
	android:name
		ADDED from src/main/AndroidManifest.xml:21:22-77
uses-permission#android.permission.ACCESS_NETWORK_STATE
ADDED from src/main/AndroidManifest.xml:22:5-79
	android:name
		ADDED from src/main/AndroidManifest.xml:22:22-76
application
ADDED from src/main/AndroidManifest.xml:24:5-81:19
MERGED from [com.google.android.material:material:1.3.0-alpha01] AndroidManifest.xml:22:5-20
MERGED from [com.google.android.material:material:1.3.0-alpha01] AndroidManifest.xml:22:5-20
MERGED from [:library_epibot] AndroidManifest.xml:13:5-24:19
MERGED from [:library_epibot] AndroidManifest.xml:13:5-24:19
MERGED from [us.feras.mdv:markdownview:1.1.0] AndroidManifest.xml:11:5-15:19
MERGED from [us.feras.mdv:markdownview:1.1.0] AndroidManifest.xml:11:5-15:19
MERGED from [androidx.constraintlayout:constraintlayout:1.1.3] AndroidManifest.xml:9:5-20
MERGED from [androidx.constraintlayout:constraintlayout:1.1.3] AndroidManifest.xml:9:5-20
MERGED from [androidx.core:core:1.4.0-alpha01] AndroidManifest.xml:24:5-89
MERGED from [androidx.core:core:1.4.0-alpha01] AndroidManifest.xml:24:5-89
MERGED from [androidx.versionedparcelable:versionedparcelable:1.1.0] AndroidManifest.xml:24:5-25:19
MERGED from [androidx.versionedparcelable:versionedparcelable:1.1.0] AndroidManifest.xml:24:5-25:19
	android:appComponentFactory
		ADDED from [androidx.core:core:1.4.0-alpha01] AndroidManifest.xml:24:18-86
	android:supportsRtl
		ADDED from src/main/AndroidManifest.xml:29:9-35
	android:label
		ADDED from src/main/AndroidManifest.xml:27:9-41
	android:roundIcon
		ADDED from src/main/AndroidManifest.xml:28:9-55
	android:icon
		ADDED from src/main/AndroidManifest.xml:26:9-44
	android:allowBackup
		ADDED from src/main/AndroidManifest.xml:25:9-35
	android:theme
		ADDED from src/main/AndroidManifest.xml:30:9-40
activity#de.uni_osnabrueck.ikw.eegdroid.Info
ADDED from src/main/AndroidManifest.xml:31:9-51
	android:name
		ADDED from src/main/AndroidManifest.xml:31:19-39
activity#de.uni_osnabrueck.ikw.eegdroid.Settings
ADDED from src/main/AndroidManifest.xml:32:9-46
	android:name
		ADDED from src/main/AndroidManifest.xml:32:19-43
activity#de.uni_osnabrueck.ikw.eegdroid.Tutorial
ADDED from src/main/AndroidManifest.xml:33:9-46
	android:name
		ADDED from src/main/AndroidManifest.xml:33:19-43
activity#de.uni_osnabrueck.ikw.eegdroid.Learn
ADDED from src/main/AndroidManifest.xml:34:9-43
	android:name
		ADDED from src/main/AndroidManifest.xml:34:19-40
activity#de.uni_osnabrueck.ikw.eegdroid.ManageSessions
ADDED from src/main/AndroidManifest.xml:35:9-52
	android:name
		ADDED from src/main/AndroidManifest.xml:35:19-49
activity#de.uni_osnabrueck.ikw.eegdroid.MainActivity
ADDED from src/main/AndroidManifest.xml:36:9-45:20
	android:label
		ADDED from src/main/AndroidManifest.xml:38:13-45
	android:theme
		ADDED from src/main/AndroidManifest.xml:39:13-56
	android:name
		ADDED from src/main/AndroidManifest.xml:37:13-41
intent-filter#action:name:android.intent.action.MAIN+category:name:android.intent.category.LAUNCHER
ADDED from src/main/AndroidManifest.xml:40:13-44:29
action#android.intent.action.MAIN
ADDED from src/main/AndroidManifest.xml:41:17-69
	android:name
		ADDED from src/main/AndroidManifest.xml:41:25-66
category#android.intent.category.LAUNCHER
ADDED from src/main/AndroidManifest.xml:43:17-77
	android:name
		ADDED from src/main/AndroidManifest.xml:43:27-74
activity#de.uni_osnabrueck.ikw.eegdroid.Record
ADDED from src/main/AndroidManifest.xml:46:9-44
	android:name
		ADDED from src/main/AndroidManifest.xml:46:19-41
activity#de.uni_osnabrueck.ikw.eegdroid.Display
ADDED from src/main/AndroidManifest.xml:47:9-49:62
	android:configChanges
		ADDED from src/main/AndroidManifest.xml:49:13-59
	android:name
		ADDED from src/main/AndroidManifest.xml:48:13-36
activity#de.uni_osnabrueck.ikw.eegdroid.TFAnalysis
ADDED from src/main/AndroidManifest.xml:50:9-52:62
	android:configChanges
		ADDED from src/main/AndroidManifest.xml:52:13-59
	android:name
		ADDED from src/main/AndroidManifest.xml:51:13-39
activity#de.uni_osnabrueck.ikw.eegdroid.Epibot
ADDED from src/main/AndroidManifest.xml:53:9-55:62
	android:configChanges
		ADDED from src/main/AndroidManifest.xml:55:13-59
	android:name
		ADDED from src/main/AndroidManifest.xml:54:13-35
activity#de.uni_osnabrueck.ikw.eegdroid.SettingsActivity
ADDED from src/main/AndroidManifest.xml:56:9-58:63
	android:label
		ADDED from src/main/AndroidManifest.xml:58:13-60
	android:name
		ADDED from src/main/AndroidManifest.xml:57:13-45
activity#de.uni_osnabrueck.ikw.eegdroid.DeviceScanActivity
ADDED from src/main/AndroidManifest.xml:59:9-61:48
	android:label
		ADDED from src/main/AndroidManifest.xml:61:13-45
	android:name
		ADDED from src/main/AndroidManifest.xml:60:13-47
service#de.uni_osnabrueck.ikw.eegdroid.BluetoothLeService
ADDED from src/main/AndroidManifest.xml:63:9-65:38
	android:enabled
		ADDED from src/main/AndroidManifest.xml:65:13-35
	android:name
		ADDED from src/main/AndroidManifest.xml:64:13-47
activity#de.uni_osnabrueck.ikw.eegdroid.Connect
ADDED from src/main/AndroidManifest.xml:67:9-70:59
	android:label
		ADDED from src/main/AndroidManifest.xml:69:13-59
	android:theme
		ADDED from src/main/AndroidManifest.xml:70:13-56
	android:name
		ADDED from src/main/AndroidManifest.xml:68:13-36
uses-sdk
INJECTED from src/main/AndroidManifest.xml reason: use-sdk injection requested
INJECTED from src/main/AndroidManifest.xml
INJECTED from src/main/AndroidManifest.xml
MERGED from [com.google.android.material:material:1.3.0-alpha01] AndroidManifest.xml:20:5-44
MERGED from [com.google.android.material:material:1.3.0-alpha01] AndroidManifest.xml:20:5-44
MERGED from [:library_epibot] AndroidManifest.xml:7:5-9:41
MERGED from [:library_epibot] AndroidManifest.xml:7:5-9:41
MERGED from [androidx.preference:preference:1.1.1] AndroidManifest.xml:20:5-22:41
MERGED from [androidx.preference:preference:1.1.1] AndroidManifest.xml:20:5-22:41
MERGED from [us.feras.mdv:markdownview:1.1.0] AndroidManifest.xml:7:5-9:41
MERGED from [us.feras.mdv:markdownview:1.1.0] AndroidManifest.xml:7:5-9:41
MERGED from [androidx.appcompat:appcompat:1.3.0-alpha01] AndroidManifest.xml:20:5-22:41
MERGED from [androidx.appcompat:appcompat:1.3.0-alpha01] AndroidManifest.xml:20:5-22:41
MERGED from [androidx.constraintlayout:constraintlayout:1.1.3] AndroidManifest.xml:5:5-7:41
MERGED from [androidx.constraintlayout:constraintlayout:1.1.3] AndroidManifest.xml:5:5-7:41
MERGED from [androidx.legacy:legacy-support-v13:1.0.0] AndroidManifest.xml:20:5-44
MERGED from [androidx.legacy:legacy-support-v13:1.0.0] AndroidManifest.xml:20:5-44
MERGED from [androidx.legacy:legacy-support-v4:1.0.0] AndroidManifest.xml:20:5-44
MERGED from [androidx.legacy:legacy-support-v4:1.0.0] AndroidManifest.xml:20:5-44
MERGED from [androidx.appcompat:appcompat-resources:1.3.0-alpha01] AndroidManifest.xml:20:5-22:41
MERGED from [androidx.appcompat:appcompat-resources:1.3.0-alpha01] AndroidManifest.xml:20:5-22:41
MERGED from [androidx.vectordrawable:vectordrawable-animated:1.1.0] AndroidManifest.xml:20:5-22:41
MERGED from [androidx.vectordrawable:vectordrawable-animated:1.1.0] AndroidManifest.xml:20:5-22:41
MERGED from [androidx.vectordrawable:vectordrawable:1.2.0-alpha01] AndroidManifest.xml:20:5-22:41
MERGED from [androidx.vectordrawable:vectordrawable:1.2.0-alpha01] AndroidManifest.xml:20:5-22:41
MERGED from [androidx.multidex:multidex:2.0.1] AndroidManifest.xml:20:5-43
MERGED from [androidx.multidex:multidex:2.0.1] AndroidManifest.xml:20:5-43
MERGED from [com.github.PhilJay:MPAndroidChart:v3.1.0] AndroidManifest.xml:16:5-18:41
MERGED from [com.github.PhilJay:MPAndroidChart:v3.1.0] AndroidManifest.xml:16:5-18:41
MERGED from [androidx.cardview:cardview:1.0.0] AndroidManifest.xml:20:5-44
MERGED from [androidx.cardview:cardview:1.0.0] AndroidManifest.xml:20:5-44
MERGED from [androidx.viewpager2:viewpager2:1.0.0] AndroidManifest.xml:20:5-22:41
MERGED from [androidx.viewpager2:viewpager2:1.0.0] AndroidManifest.xml:20:5-22:41
MERGED from [androidx.recyclerview:recyclerview:1.1.0] AndroidManifest.xml:20:5-22:41
MERGED from [androidx.recyclerview:recyclerview:1.1.0] AndroidManifest.xml:20:5-22:41
MERGED from [ru.noties.markwon:core:3.0.1] AndroidManifest.xml:7:5-9:41
MERGED from [ru.noties.markwon:core:3.0.1] AndroidManifest.xml:7:5-9:41
MERGED from [androidx.legacy:legacy-support-core-ui:1.0.0] AndroidManifest.xml:20:5-44
MERGED from [androidx.legacy:legacy-support-core-ui:1.0.0] AndroidManifest.xml:20:5-44
MERGED from [androidx.drawerlayout:drawerlayout:1.0.0] AndroidManifest.xml:20:5-44
MERGED from [androidx.drawerlayout:drawerlayout:1.0.0] AndroidManifest.xml:20:5-44
MERGED from [androidx.coordinatorlayout:coordinatorlayout:1.1.0] AndroidManifest.xml:20:5-22:41
MERGED from [androidx.coordinatorlayout:coordinatorlayout:1.1.0] AndroidManifest.xml:20:5-22:41
MERGED from [androidx.dynamicanimation:dynamicanimation:1.0.0] AndroidManifest.xml:20:5-44
MERGED from [androidx.dynamicanimation:dynamicanimation:1.0.0] AndroidManifest.xml:20:5-44
MERGED from [androidx.transition:transition:1.2.0] AndroidManifest.xml:20:5-22:41
MERGED from [androidx.transition:transition:1.2.0] AndroidManifest.xml:20:5-22:41
MERGED from [androidx.media:media:1.0.0] AndroidManifest.xml:20:5-44
MERGED from [androidx.media:media:1.0.0] AndroidManifest.xml:20:5-44
MERGED from [androidx.legacy:legacy-support-core-utils:1.0.0] AndroidManifest.xml:20:5-44
MERGED from [androidx.legacy:legacy-support-core-utils:1.0.0] AndroidManifest.xml:20:5-44
MERGED from [androidx.fragment:fragment:1.2.4] AndroidManifest.xml:20:5-22:41
MERGED from [androidx.fragment:fragment:1.2.4] AndroidManifest.xml:20:5-22:41
MERGED from [androidx.viewpager:viewpager:1.0.0] AndroidManifest.xml:20:5-44
MERGED from [androidx.viewpager:viewpager:1.0.0] AndroidManifest.xml:20:5-44
MERGED from [androidx.slidingpanelayout:slidingpanelayout:1.0.0] AndroidManifest.xml:20:5-44
MERGED from [androidx.slidingpanelayout:slidingpanelayout:1.0.0] AndroidManifest.xml:20:5-44
MERGED from [androidx.customview:customview:1.0.0] AndroidManifest.xml:20:5-44
MERGED from [androidx.customview:customview:1.0.0] AndroidManifest.xml:20:5-44
MERGED from [androidx.loader:loader:1.0.0] AndroidManifest.xml:20:5-44
MERGED from [androidx.loader:loader:1.0.0] AndroidManifest.xml:20:5-44
MERGED from [androidx.swiperefreshlayout:swiperefreshlayout:1.0.0] AndroidManifest.xml:20:5-44
MERGED from [androidx.swiperefreshlayout:swiperefreshlayout:1.0.0] AndroidManifest.xml:20:5-44
MERGED from [androidx.asynclayoutinflater:asynclayoutinflater:1.0.0] AndroidManifest.xml:20:5-44
MERGED from [androidx.asynclayoutinflater:asynclayoutinflater:1.0.0] AndroidManifest.xml:20:5-44
MERGED from [androidx.activity:activity:1.1.0] AndroidManifest.xml:20:5-22:41
MERGED from [androidx.activity:activity:1.1.0] AndroidManifest.xml:20:5-22:41
MERGED from [androidx.core:core:1.4.0-alpha01] AndroidManifest.xml:20:5-22:41
MERGED from [androidx.core:core:1.4.0-alpha01] AndroidManifest.xml:20:5-22:41
MERGED from [androidx.cursoradapter:cursoradapter:1.0.0] AndroidManifest.xml:20:5-44
MERGED from [androidx.cursoradapter:cursoradapter:1.0.0] AndroidManifest.xml:20:5-44
MERGED from [androidx.lifecycle:lifecycle-runtime:2.3.0-alpha03] AndroidManifest.xml:20:5-22:41
MERGED from [androidx.lifecycle:lifecycle-runtime:2.3.0-alpha03] AndroidManifest.xml:20:5-22:41
MERGED from [androidx.lifecycle:lifecycle-viewmodel-savedstate:2.2.0] AndroidManifest.xml:20:5-22:41
MERGED from [androidx.lifecycle:lifecycle-viewmodel-savedstate:2.2.0] AndroidManifest.xml:20:5-22:41
MERGED from [androidx.lifecycle:lifecycle-viewmodel:2.3.0-alpha03] AndroidManifest.xml:20:5-22:41
MERGED from [androidx.lifecycle:lifecycle-viewmodel:2.3.0-alpha03] AndroidManifest.xml:20:5-22:41
MERGED from [androidx.savedstate:savedstate:1.1.0-alpha01] AndroidManifest.xml:20:5-22:41
MERGED from [androidx.savedstate:savedstate:1.1.0-alpha01] AndroidManifest.xml:20:5-22:41
MERGED from [androidx.versionedparcelable:versionedparcelable:1.1.0] AndroidManifest.xml:20:5-22:41
MERGED from [androidx.versionedparcelable:versionedparcelable:1.1.0] AndroidManifest.xml:20:5-22:41
MERGED from [androidx.lifecycle:lifecycle-livedata:2.0.0] AndroidManifest.xml:20:5-44
MERGED from [androidx.lifecycle:lifecycle-livedata:2.0.0] AndroidManifest.xml:20:5-44
MERGED from [androidx.lifecycle:lifecycle-livedata-core:2.2.0] AndroidManifest.xml:20:5-22:41
MERGED from [androidx.lifecycle:lifecycle-livedata-core:2.2.0] AndroidManifest.xml:20:5-22:41
MERGED from [androidx.arch.core:core-runtime:2.1.0] AndroidManifest.xml:20:5-22:41
MERGED from [androidx.arch.core:core-runtime:2.1.0] AndroidManifest.xml:20:5-22:41
MERGED from [androidx.documentfile:documentfile:1.0.0] AndroidManifest.xml:20:5-44
MERGED from [androidx.documentfile:documentfile:1.0.0] AndroidManifest.xml:20:5-44
MERGED from [androidx.localbroadcastmanager:localbroadcastmanager:1.0.0] AndroidManifest.xml:20:5-44
MERGED from [androidx.localbroadcastmanager:localbroadcastmanager:1.0.0] AndroidManifest.xml:20:5-44
MERGED from [androidx.print:print:1.0.0] AndroidManifest.xml:20:5-44
MERGED from [androidx.print:print:1.0.0] AndroidManifest.xml:20:5-44
MERGED from [androidx.interpolator:interpolator:1.0.0] AndroidManifest.xml:20:5-44
MERGED from [androidx.interpolator:interpolator:1.0.0] AndroidManifest.xml:20:5-44
MERGED from [androidx.annotation:annotation-experimental:1.0.0] AndroidManifest.xml:20:5-22:41
MERGED from [androidx.annotation:annotation-experimental:1.0.0] AndroidManifest.xml:20:5-22:41
INJECTED from src/main/AndroidManifest.xml
INJECTED from src/main/AndroidManifest.xml
	android:targetSdkVersion
		INJECTED from src/main/AndroidManifest.xml
		ADDED from src/main/AndroidManifest.xml
		INJECTED from src/main/AndroidManifest.xml
	android:minSdkVersion
		INJECTED from src/main/AndroidManifest.xml
		ADDED from src/main/AndroidManifest.xml
		INJECTED from src/main/AndroidManifest.xml
meta-data#android.support.FILE_PROVIDER_PATHS
ADDED from src/main/AndroidManifest.xml:77:13-79:58
	android:resource
		ADDED from src/main/AndroidManifest.xml:79:17-55
	android:name
		ADDED from src/main/AndroidManifest.xml:78:17-67
uses-permission#android.permission.VIBRATE
ADDED from [:library_epibot] AndroidManifest.xml:11:5-66
	android:name
		ADDED from [:library_epibot] AndroidManifest.xml:11:22-63
provider#androidx.core.content.FileProvider
ADDED from [:library_epibot] AndroidManifest.xml:14:9-23:20
	android:grantUriPermissions
		ADDED from [:library_epibot] AndroidManifest.xml:18:13-47
	android:authorities
		ADDED from [:library_epibot] AndroidManifest.xml:16:13-82
	android:exported
		ADDED from [:library_epibot] AndroidManifest.xml:17:13-37
	android:name
		ADDED from [:library_epibot] AndroidManifest.xml:15:13-62